INFO    -  DeprecationWarning: warning_filter doesn't do anything since MkDocs 1.2 and will be removed soon. All messages on the `mkdocs` logger get counted automatically.
  File "/opt/conda/lib/python3.9/site-packages/markdownextradata/plugin.py", line 8, in <module>
    from mkdocs.utils import warning_filter
  File "/opt/conda/lib/python3.9/site-packages/mkdocs/utils/__init__.py", line 453, in __getattr__
    warnings.warn(

WARNING -  Config value 'dev_addr': The use of the IP address '0.0.0.0' suggests a production environment or the use of a proxy to connect to the MkDocs server. However, the MkDocs' server is intended for local development purposes only. Please use a third party production-ready server instead.
INFO    -  Building documentation...
INFO    -  Cleaning site directory
INFO    -  DeprecationWarning: invalid escape sequence \>
  File "/opt/conda/lib/python3.9/site-packages/griffe/agents/visitor.py", line 179, in get_module
    top_node = compile(self.code, mode="exec", filename=str(self.filepath), flags=ast.PyCF_ONLY_AST, optimize=1)
  File "pharus/server.py", line 298, in 
    """

INFO    -  DeprecationWarning: invalid escape sequence \>
  File "/opt/conda/lib/python3.9/site-packages/griffe/agents/visitor.py", line 179, in get_module
    top_node = compile(self.code, mode="exec", filename=str(self.filepath), flags=ast.PyCF_ONLY_AST, optimize=1)
  File "pharus/server.py", line 372, in 
    """

INFO    -  DeprecationWarning: invalid escape sequence \>
  File "/opt/conda/lib/python3.9/site-packages/griffe/agents/visitor.py", line 179, in get_module
    top_node = compile(self.code, mode="exec", filename=str(self.filepath), flags=ast.PyCF_ONLY_AST, optimize=1)
  File "pharus/server.py", line 459, in 
    """

INFO    -  DeprecationWarning: invalid escape sequence \>
  File "/opt/conda/lib/python3.9/site-packages/griffe/agents/visitor.py", line 179, in get_module
    top_node = compile(self.code, mode="exec", filename=str(self.filepath), flags=ast.PyCF_ONLY_AST, optimize=1)
  File "pharus/server.py", line 846, in 
    """

INFO    -  DeprecationWarning: invalid escape sequence \>
  File "/opt/conda/lib/python3.9/site-packages/griffe/agents/visitor.py", line 179, in get_module
    top_node = compile(self.code, mode="exec", filename=str(self.filepath), flags=ast.PyCF_ONLY_AST, optimize=1)
  File "pharus/server.py", line 935, in 
    """

INFO    -  DeprecationWarning: invalid escape sequence \>
  File "/opt/conda/lib/python3.9/site-packages/griffe/agents/visitor.py", line 179, in get_module
    top_node = compile(self.code, mode="exec", filename=str(self.filepath), flags=ast.PyCF_ONLY_AST, optimize=1)
  File "pharus/server.py", line 1147, in 
    """

WARNING -  griffe: pharus/interface.py:105: No type or annotation for parameter 'query'
WARNING -  griffe: pharus/interface.py:214: No type or annotation for parameter 'query'
INFO    -  mkdocs-exclude-search excluded 1 of 203 search index records. Use `mkdocs serve -v` for more details.
INFO    -  Documentation built in 1.48 seconds
INFO    -  [20:29:00] Watching paths for changes: 'docs/src', 'docs/mkdocs.yaml'
INFO    -  [20:29:00] Serving on http://0.0.0.0:80/docs/additional-resources/pharus/
WARNING -  [20:29:03] "GET /docs/additional-resources/pharus/javascripts/mathjax.js HTTP/1.1" code 404
WARNING -  [20:29:03] "GET /docs/additional-resources/versions.json HTTP/1.1" code 404
INFO    -  [20:29:03] Browser connected: http://0.0.0.0/docs/additional-resources/pharus/api/pharus/interface/
WARNING -  [20:29:19] "GET /docs/additional-resources/pharus/javascripts/mathjax.js HTTP/1.1" code 404
WARNING -  [20:29:19] "GET /docs/additional-resources/versions.json HTTP/1.1" code 404
INFO    -  [20:29:19] Browser connected: http://0.0.0.0/docs/additional-resources/pharus/api/pharus/server/
WARNING -  [20:29:46] "GET /docs/additional-resources/pharus/javascripts/mathjax.js HTTP/1.1" code 404
WARNING -  [20:29:46] "GET /docs/additional-resources/versions.json HTTP/1.1" code 404
INFO    -  [20:29:46] Browser connected: http://0.0.0.0/docs/additional-resources/pharus/api/pharus/interface/
INFO    -  [20:30:51] Detected file changes
INFO    -  Building documentation...
WARNING -  Config value 'dev_addr': The use of the IP address '0.0.0.0' suggests a production environment or the use of a proxy to connect to the MkDocs server. However, the MkDocs' server is intended for local development purposes only. Please use a third party production-ready server instead.
INFO    -  DeprecationWarning: invalid escape sequence \>
  File "/opt/conda/lib/python3.9/site-packages/griffe/agents/visitor.py", line 179, in get_module
    top_node = compile(self.code, mode="exec", filename=str(self.filepath), flags=ast.PyCF_ONLY_AST, optimize=1)
  File "pharus/server.py", line 298, in 
    """

INFO    -  DeprecationWarning: invalid escape sequence \>
  File "/opt/conda/lib/python3.9/site-packages/griffe/agents/visitor.py", line 179, in get_module
    top_node = compile(self.code, mode="exec", filename=str(self.filepath), flags=ast.PyCF_ONLY_AST, optimize=1)
  File "pharus/server.py", line 372, in 
    """

INFO    -  DeprecationWarning: invalid escape sequence \>
  File "/opt/conda/lib/python3.9/site-packages/griffe/agents/visitor.py", line 179, in get_module
    top_node = compile(self.code, mode="exec", filename=str(self.filepath), flags=ast.PyCF_ONLY_AST, optimize=1)
  File "pharus/server.py", line 459, in 
    """

INFO    -  DeprecationWarning: invalid escape sequence \>
  File "/opt/conda/lib/python3.9/site-packages/griffe/agents/visitor.py", line 179, in get_module
    top_node = compile(self.code, mode="exec", filename=str(self.filepath), flags=ast.PyCF_ONLY_AST, optimize=1)
  File "pharus/server.py", line 846, in 
    """

INFO    -  DeprecationWarning: invalid escape sequence \>
  File "/opt/conda/lib/python3.9/site-packages/griffe/agents/visitor.py", line 179, in get_module
    top_node = compile(self.code, mode="exec", filename=str(self.filepath), flags=ast.PyCF_ONLY_AST, optimize=1)
  File "pharus/server.py", line 935, in 
    """

INFO    -  DeprecationWarning: invalid escape sequence \>
  File "/opt/conda/lib/python3.9/site-packages/griffe/agents/visitor.py", line 179, in get_module
    top_node = compile(self.code, mode="exec", filename=str(self.filepath), flags=ast.PyCF_ONLY_AST, optimize=1)
  File "pharus/server.py", line 1147, in 
    """

WARNING -  griffe: pharus/interface.py:105: No type or annotation for parameter 'query'
WARNING -  griffe: pharus/interface.py:214: No type or annotation for parameter 'query'
INFO    -  mkdocs-exclude-search excluded 1 of 203 search index records. Use `mkdocs serve -v` for more details.
INFO    -  Documentation built in 1.33 seconds
INFO    -  [20:30:52] Reloading browsers
WARNING -  [20:30:52] "GET /docs/additional-resources/pharus/javascripts/mathjax.js HTTP/1.1" code 404
WARNING -  [20:30:52] "GET /docs/additional-resources/versions.json HTTP/1.1" code 404
INFO    -  [20:30:52] Browser connected: http://0.0.0.0/docs/additional-resources/pharus/api/pharus/interface/
WARNING -  [20:30:57] "GET /docs/additional-resources/pharus/javascripts/mathjax.js HTTP/1.1" code 404
WARNING -  [20:30:57] "GET /docs/additional-resources/versions.json HTTP/1.1" code 404
INFO    -  [20:30:57] Browser connected: http://0.0.0.0/docs/additional-resources/pharus/dev/
INFO    -  [20:31:06] Detected file changes
INFO    -  Building documentation...
WARNING -  Config value 'dev_addr': The use of the IP address '0.0.0.0' suggests a production environment or the use of a proxy to connect to the MkDocs server. However, the MkDocs' server is intended for local development purposes only. Please use a third party production-ready server instead.
INFO    -  DeprecationWarning: invalid escape sequence \>
  File "/opt/conda/lib/python3.9/site-packages/griffe/agents/visitor.py", line 179, in get_module
    top_node = compile(self.code, mode="exec", filename=str(self.filepath), flags=ast.PyCF_ONLY_AST, optimize=1)
  File "pharus/server.py", line 298, in 
    """

INFO    -  DeprecationWarning: invalid escape sequence \>
  File "/opt/conda/lib/python3.9/site-packages/griffe/agents/visitor.py", line 179, in get_module
    top_node = compile(self.code, mode="exec", filename=str(self.filepath), flags=ast.PyCF_ONLY_AST, optimize=1)
  File "pharus/server.py", line 372, in 
    """

INFO    -  DeprecationWarning: invalid escape sequence \>
  File "/opt/conda/lib/python3.9/site-packages/griffe/agents/visitor.py", line 179, in get_module
    top_node = compile(self.code, mode="exec", filename=str(self.filepath), flags=ast.PyCF_ONLY_AST, optimize=1)
  File "pharus/server.py", line 459, in 
    """

INFO    -  DeprecationWarning: invalid escape sequence \>
  File "/opt/conda/lib/python3.9/site-packages/griffe/agents/visitor.py", line 179, in get_module
    top_node = compile(self.code, mode="exec", filename=str(self.filepath), flags=ast.PyCF_ONLY_AST, optimize=1)
  File "pharus/server.py", line 846, in 
    """

INFO    -  DeprecationWarning: invalid escape sequence \>
  File "/opt/conda/lib/python3.9/site-packages/griffe/agents/visitor.py", line 179, in get_module
    top_node = compile(self.code, mode="exec", filename=str(self.filepath), flags=ast.PyCF_ONLY_AST, optimize=1)
  File "pharus/server.py", line 935, in 
    """

INFO    -  DeprecationWarning: invalid escape sequence \>
  File "/opt/conda/lib/python3.9/site-packages/griffe/agents/visitor.py", line 179, in get_module
    top_node = compile(self.code, mode="exec", filename=str(self.filepath), flags=ast.PyCF_ONLY_AST, optimize=1)
  File "pharus/server.py", line 1147, in 
    """

WARNING -  griffe: pharus/interface.py:105: No type or annotation for parameter 'query'
WARNING -  griffe: pharus/interface.py:214: No type or annotation for parameter 'query'
INFO    -  mkdocs-exclude-search excluded 1 of 203 search index records. Use `mkdocs serve -v` for more details.
INFO    -  Documentation built in 1.29 seconds
INFO    -  [20:31:08] Reloading browsers
WARNING -  [20:31:08] "GET /docs/additional-resources/pharus/javascripts/mathjax.js HTTP/1.1" code 404
WARNING -  [20:31:08] "GET /docs/additional-resources/versions.json HTTP/1.1" code 404
INFO    -  [20:31:08] Browser connected: http://0.0.0.0/docs/additional-resources/pharus/dev/
INFO    -  [20:31:11] Detected file changes
INFO    -  Building documentation...
WARNING -  Config value 'dev_addr': The use of the IP address '0.0.0.0' suggests a production environment or the use of a proxy to connect to the MkDocs server. However, the MkDocs' server is intended for local development purposes only. Please use a third party production-ready server instead.
INFO    -  DeprecationWarning: invalid escape sequence \>
  File "/opt/conda/lib/python3.9/site-packages/griffe/agents/visitor.py", line 179, in get_module
    top_node = compile(self.code, mode="exec", filename=str(self.filepath), flags=ast.PyCF_ONLY_AST, optimize=1)
  File "pharus/server.py", line 298, in 
    """

INFO    -  DeprecationWarning: invalid escape sequence \>
  File "/opt/conda/lib/python3.9/site-packages/griffe/agents/visitor.py", line 179, in get_module
    top_node = compile(self.code, mode="exec", filename=str(self.filepath), flags=ast.PyCF_ONLY_AST, optimize=1)
  File "pharus/server.py", line 372, in 
    """

INFO    -  DeprecationWarning: invalid escape sequence \>
  File "/opt/conda/lib/python3.9/site-packages/griffe/agents/visitor.py", line 179, in get_module
    top_node = compile(self.code, mode="exec", filename=str(self.filepath), flags=ast.PyCF_ONLY_AST, optimize=1)
  File "pharus/server.py", line 459, in 
    """

INFO    -  DeprecationWarning: invalid escape sequence \>
  File "/opt/conda/lib/python3.9/site-packages/griffe/agents/visitor.py", line 179, in get_module
    top_node = compile(self.code, mode="exec", filename=str(self.filepath), flags=ast.PyCF_ONLY_AST, optimize=1)
  File "pharus/server.py", line 846, in 
    """

INFO    -  DeprecationWarning: invalid escape sequence \>
  File "/opt/conda/lib/python3.9/site-packages/griffe/agents/visitor.py", line 179, in get_module
    top_node = compile(self.code, mode="exec", filename=str(self.filepath), flags=ast.PyCF_ONLY_AST, optimize=1)
  File "pharus/server.py", line 935, in 
    """

INFO    -  DeprecationWarning: invalid escape sequence \>
  File "/opt/conda/lib/python3.9/site-packages/griffe/agents/visitor.py", line 179, in get_module
    top_node = compile(self.code, mode="exec", filename=str(self.filepath), flags=ast.PyCF_ONLY_AST, optimize=1)
  File "pharus/server.py", line 1147, in 
    """

WARNING -  griffe: pharus/interface.py:105: No type or annotation for parameter 'query'
WARNING -  griffe: pharus/interface.py:214: No type or annotation for parameter 'query'
INFO    -  mkdocs-exclude-search excluded 1 of 203 search index records. Use `mkdocs serve -v` for more details.
INFO    -  Documentation built in 1.30 seconds
INFO    -  [20:31:12] Reloading browsers
WARNING -  [20:31:12] "GET /docs/additional-resources/pharus/javascripts/mathjax.js HTTP/1.1" code 404
WARNING -  [20:31:12] "GET /docs/additional-resources/versions.json HTTP/1.1" code 404
INFO    -  [20:31:12] Browser connected: http://0.0.0.0/docs/additional-resources/pharus/dev/
INFO    -  [20:31:55] Detected file changes
INFO    -  Building documentation...
WARNING -  Config value 'dev_addr': The use of the IP address '0.0.0.0' suggests a production environment or the use of a proxy to connect to the MkDocs server. However, the MkDocs' server is intended for local development purposes only. Please use a third party production-ready server instead.
INFO    -  DeprecationWarning: invalid escape sequence \>
  File "/opt/conda/lib/python3.9/site-packages/griffe/agents/visitor.py", line 179, in get_module
    top_node = compile(self.code, mode="exec", filename=str(self.filepath), flags=ast.PyCF_ONLY_AST, optimize=1)
  File "pharus/server.py", line 298, in 
    """

INFO    -  DeprecationWarning: invalid escape sequence \>
  File "/opt/conda/lib/python3.9/site-packages/griffe/agents/visitor.py", line 179, in get_module
    top_node = compile(self.code, mode="exec", filename=str(self.filepath), flags=ast.PyCF_ONLY_AST, optimize=1)
  File "pharus/server.py", line 372, in 
    """

INFO    -  DeprecationWarning: invalid escape sequence \>
  File "/opt/conda/lib/python3.9/site-packages/griffe/agents/visitor.py", line 179, in get_module
    top_node = compile(self.code, mode="exec", filename=str(self.filepath), flags=ast.PyCF_ONLY_AST, optimize=1)
  File "pharus/server.py", line 459, in 
    """

INFO    -  DeprecationWarning: invalid escape sequence \>
  File "/opt/conda/lib/python3.9/site-packages/griffe/agents/visitor.py", line 179, in get_module
    top_node = compile(self.code, mode="exec", filename=str(self.filepath), flags=ast.PyCF_ONLY_AST, optimize=1)
  File "pharus/server.py", line 846, in 
    """

INFO    -  DeprecationWarning: invalid escape sequence \>
  File "/opt/conda/lib/python3.9/site-packages/griffe/agents/visitor.py", line 179, in get_module
    top_node = compile(self.code, mode="exec", filename=str(self.filepath), flags=ast.PyCF_ONLY_AST, optimize=1)
  File "pharus/server.py", line 935, in 
    """

INFO    -  DeprecationWarning: invalid escape sequence \>
  File "/opt/conda/lib/python3.9/site-packages/griffe/agents/visitor.py", line 179, in get_module
    top_node = compile(self.code, mode="exec", filename=str(self.filepath), flags=ast.PyCF_ONLY_AST, optimize=1)
  File "pharus/server.py", line 1147, in 
    """

WARNING -  griffe: pharus/interface.py:105: No type or annotation for parameter 'query'
WARNING -  griffe: pharus/interface.py:214: No type or annotation for parameter 'query'
INFO    -  mkdocs-exclude-search excluded 1 of 203 search index records. Use `mkdocs serve -v` for more details.
INFO    -  [20:31:57] Reloading browsers
WARNING -  [20:31:57] "GET /docs/additional-resources/pharus/javascripts/mathjax.js HTTP/1.1" code 404
WARNING -  [20:31:57] "GET /docs/additional-resources/versions.json HTTP/1.1" code 404
INFO    -  [20:31:57] Browser connected: http://0.0.0.0/docs/additional-resources/pharus/dev/
WARNING -  [20:32:09] "GET /docs/additional-resources/pharus/javascripts/mathjax.js HTTP/1.1" code 404
WARNING -  [20:32:09] "GET /docs/additional-resources/versions.json HTTP/1.1" code 404
INFO    -  [20:32:09] Browser connected: http://0.0.0.0/docs/additional-resources/pharus/
WARNING -  [20:32:12] "GET /docs/additional-resources/pharus/javascripts/mathjax.js HTTP/1.1" code 404
WARNING -  [20:32:12] "GET /docs/additional-resources/versions.json HTTP/1.1" code 404
INFO    -  [20:32:12] Browser connected: http://0.0.0.0/docs/additional-resources/pharus/dev/
WARNING -  [20:32:13] "GET /docs/additional-resources/pharus/javascripts/mathjax.js HTTP/1.1" code 404
WARNING -  [20:32:13] "GET /docs/additional-resources/versions.json HTTP/1.1" code 404
INFO    -  [20:32:13] Browser connected: http://0.0.0.0/docs/additional-resources/pharus/
WARNING -  [20:32:16] "GET /docs/additional-resources/pharus/javascripts/mathjax.js HTTP/1.1" code 404
WARNING -  [20:32:16] "GET /docs/additional-resources/versions.json HTTP/1.1" code 404
INFO    -  [20:32:16] Browser connected: http://0.0.0.0/docs/additional-resources/pharus/dev/
WARNING -  [20:32:19] "GET /docs/additional-resources/pharus/javascripts/mathjax.js HTTP/1.1" code 404
WARNING -  [20:32:19] "GET /docs/additional-resources/versions.json HTTP/1.1" code 404
INFO    -  [20:32:19] Browser connected: http://0.0.0.0/docs/additional-resources/pharus/api/pharus/error/
WARNING -  [20:32:20] "GET /docs/additional-resources/pharus/javascripts/mathjax.js HTTP/1.1" code 404
WARNING -  [20:32:20] "GET /docs/additional-resources/versions.json HTTP/1.1" code 404
INFO    -  [20:32:20] Browser connected: http://0.0.0.0/docs/additional-resources/pharus/api/pharus/interface/
WARNING -  [20:32:32] "GET /docs/additional-resources/pharus/javascripts/mathjax.js HTTP/1.1" code 404
WARNING -  [20:32:32] "GET /docs/additional-resources/versions.json HTTP/1.1" code 404
INFO    -  [20:32:32] Browser connected: http://0.0.0.0/docs/additional-resources/pharus/api/pharus/server/
WARNING -  [20:45:43] "GET /docs/additional-resources/pharus/javascripts/mathjax.js HTTP/1.1" code 404
WARNING -  [20:45:43] "GET /docs/additional-resources/versions.json HTTP/1.1" code 404
INFO    -  [20:45:43] Browser connected: http://0.0.0.0/docs/additional-resources/pharus/
